{"C:\\Users\\nugra\\workspace\\project\\VibeCoding-TS\\src\\adapters\\inMemoryAdapter.ts": {"path":"C:\\Users\\nugra\\workspace\\project\\VibeCoding-TS\\src\\adapters\\inMemoryAdapter.ts","statementMap":{"0":{"start":{"line":24,"column":4},"end":{"line":24,"column":67}},"1":{"start":{"line":24,"column":49},"end":{"line":24,"column":58}},"2":{"start":{"line":25,"column":4},"end":{"line":25,"column":67}},"3":{"start":{"line":25,"column":49},"end":{"line":25,"column":58}},"4":{"start":{"line":26,"column":4},"end":{"line":26,"column":73}},"5":{"start":{"line":26,"column":55},"end":{"line":26,"column":64}},"6":{"start":{"line":30,"column":4},"end":{"line":30,"column":30}},"7":{"start":{"line":33,"column":4},"end":{"line":33,"column":71}},"8":{"start":{"line":33,"column":25},"end":{"line":33,"column":43}},"9":{"start":{"line":36,"column":4},"end":{"line":36,"column":55}},"10":{"start":{"line":36,"column":44},"end":{"line":36,"column":55}},"11":{"start":{"line":40,"column":4},"end":{"line":40,"column":30}},"12":{"start":{"line":43,"column":4},"end":{"line":43,"column":71}},"13":{"start":{"line":43,"column":25},"end":{"line":43,"column":43}},"14":{"start":{"line":46,"column":4},"end":{"line":46,"column":55}},"15":{"start":{"line":46,"column":44},"end":{"line":46,"column":55}},"16":{"start":{"line":50,"column":4},"end":{"line":50,"column":33}},"17":{"start":{"line":53,"column":4},"end":{"line":53,"column":76}},"18":{"start":{"line":53,"column":25},"end":{"line":53,"column":46}},"19":{"start":{"line":56,"column":4},"end":{"line":56,"column":62}},"20":{"start":{"line":56,"column":49},"end":{"line":56,"column":62}},"21":{"start":{"line":60,"column":4},"end":{"line":60,"column":34}},"22":{"start":{"line":63,"column":4},"end":{"line":63,"column":34}},"23":{"start":{"line":66,"column":4},"end":{"line":66,"column":41}},"24":{"start":{"line":70,"column":4},"end":{"line":70,"column":26}},"25":{"start":{"line":73,"column":4},"end":{"line":73,"column":26}},"26":{"start":{"line":76,"column":4},"end":{"line":76,"column":29}},"27":{"start":{"line":18,"column":0},"end":{"line":18,"column":13}}},"fnMap":{"0":{"name":"(anonymous_0)","decl":{"start":{"line":23,"column":2},"end":{"line":23,"column":14}},"loc":{"start":{"line":23,"column":50},"end":{"line":27,"column":3}}},"1":{"name":"(anonymous_1)","decl":{"start":{"line":24,"column":44},"end":{"line":24,"column":45}},"loc":{"start":{"line":24,"column":49},"end":{"line":24,"column":58}}},"2":{"name":"(anonymous_2)","decl":{"start":{"line":25,"column":44},"end":{"line":25,"column":45}},"loc":{"start":{"line":25,"column":49},"end":{"line":25,"column":58}}},"3":{"name":"(anonymous_3)","decl":{"start":{"line":26,"column":50},"end":{"line":26,"column":51}},"loc":{"start":{"line":26,"column":55},"end":{"line":26,"column":64}}},"4":{"name":"(anonymous_4)","decl":{"start":{"line":29,"column":2},"end":{"line":29,"column":7}},"loc":{"start":{"line":29,"column":26},"end":{"line":31,"column":3}}},"5":{"name":"(anonymous_5)","decl":{"start":{"line":32,"column":2},"end":{"line":32,"column":7}},"loc":{"start":{"line":32,"column":30},"end":{"line":34,"column":3}}},"6":{"name":"(anonymous_6)","decl":{"start":{"line":33,"column":19},"end":{"line":33,"column":21}},"loc":{"start":{"line":33,"column":25},"end":{"line":33,"column":43}}},"7":{"name":"(anonymous_7)","decl":{"start":{"line":35,"column":2},"end":{"line":35,"column":7}},"loc":{"start":{"line":35,"column":20},"end":{"line":37,"column":3}}},"8":{"name":"(anonymous_8)","decl":{"start":{"line":39,"column":2},"end":{"line":39,"column":7}},"loc":{"start":{"line":39,"column":26},"end":{"line":41,"column":3}}},"9":{"name":"(anonymous_9)","decl":{"start":{"line":42,"column":2},"end":{"line":42,"column":7}},"loc":{"start":{"line":42,"column":30},"end":{"line":44,"column":3}}},"10":{"name":"(anonymous_10)","decl":{"start":{"line":43,"column":19},"end":{"line":43,"column":21}},"loc":{"start":{"line":43,"column":25},"end":{"line":43,"column":43}}},"11":{"name":"(anonymous_11)","decl":{"start":{"line":45,"column":2},"end":{"line":45,"column":7}},"loc":{"start":{"line":45,"column":20},"end":{"line":47,"column":3}}},"12":{"name":"(anonymous_12)","decl":{"start":{"line":49,"column":2},"end":{"line":49,"column":7}},"loc":{"start":{"line":49,"column":28},"end":{"line":51,"column":3}}},"13":{"name":"(anonymous_13)","decl":{"start":{"line":52,"column":2},"end":{"line":52,"column":7}},"loc":{"start":{"line":52,"column":33},"end":{"line":54,"column":3}}},"14":{"name":"(anonymous_14)","decl":{"start":{"line":53,"column":19},"end":{"line":53,"column":21}},"loc":{"start":{"line":53,"column":25},"end":{"line":53,"column":46}}},"15":{"name":"(anonymous_15)","decl":{"start":{"line":55,"column":2},"end":{"line":55,"column":7}},"loc":{"start":{"line":55,"column":23},"end":{"line":57,"column":3}}},"16":{"name":"(anonymous_16)","decl":{"start":{"line":59,"column":2},"end":{"line":59,"column":7}},"loc":{"start":{"line":59,"column":27},"end":{"line":61,"column":3}}},"17":{"name":"(anonymous_17)","decl":{"start":{"line":62,"column":2},"end":{"line":62,"column":7}},"loc":{"start":{"line":62,"column":27},"end":{"line":64,"column":3}}},"18":{"name":"(anonymous_18)","decl":{"start":{"line":65,"column":2},"end":{"line":65,"column":7}},"loc":{"start":{"line":65,"column":33},"end":{"line":67,"column":3}}},"19":{"name":"(anonymous_19)","decl":{"start":{"line":69,"column":2},"end":{"line":69,"column":7}},"loc":{"start":{"line":69,"column":29},"end":{"line":71,"column":3}}},"20":{"name":"(anonymous_20)","decl":{"start":{"line":72,"column":2},"end":{"line":72,"column":7}},"loc":{"start":{"line":72,"column":29},"end":{"line":74,"column":3}}},"21":{"name":"(anonymous_21)","decl":{"start":{"line":75,"column":2},"end":{"line":75,"column":7}},"loc":{"start":{"line":75,"column":31},"end":{"line":77,"column":3}}}},"branchMap":{"0":{"loc":{"start":{"line":23,"column":14},"end":{"line":23,"column":50}},"type":"default-arg","locations":[{"start":{"line":23,"column":48},"end":{"line":23,"column":50}}]},"1":{"loc":{"start":{"line":24,"column":25},"end":{"line":24,"column":65}},"type":"binary-expr","locations":[{"start":{"line":24,"column":25},"end":{"line":24,"column":59}},{"start":{"line":24,"column":63},"end":{"line":24,"column":65}}]},"2":{"loc":{"start":{"line":25,"column":25},"end":{"line":25,"column":65}},"type":"binary-expr","locations":[{"start":{"line":25,"column":25},"end":{"line":25,"column":59}},{"start":{"line":25,"column":63},"end":{"line":25,"column":65}}]},"3":{"loc":{"start":{"line":26,"column":28},"end":{"line":26,"column":71}},"type":"binary-expr","locations":[{"start":{"line":26,"column":28},"end":{"line":26,"column":65}},{"start":{"line":26,"column":69},"end":{"line":26,"column":71}}]}},"s":{"0":27,"1":25,"2":27,"3":23,"4":27,"5":23,"6":7,"7":2,"8":2,"9":2,"10":1,"11":7,"12":29,"13":20,"14":2,"15":1,"16":7,"17":56,"18":19,"19":2,"20":1,"21":4,"22":3,"23":3,"24":2,"25":2,"26":2,"27":9},"f":{"0":27,"1":25,"2":23,"3":23,"4":7,"5":2,"6":2,"7":2,"8":7,"9":29,"10":20,"11":2,"12":7,"13":56,"14":19,"15":2,"16":4,"17":3,"18":3,"19":2,"20":2,"21":2},"b":{"0":[2],"1":[27,2],"2":[27,2],"3":[27,2]}}
,"C:\\Users\\nugra\\workspace\\project\\VibeCoding-TS\\src\\adapters\\jsonFileAdapter.ts": {"path":"C:\\Users\\nugra\\workspace\\project\\VibeCoding-TS\\src\\adapters\\jsonFileAdapter.ts","statementMap":{"0":{"start":{"line":8,"column":0},"end":{"line":8,"column":36}},"1":{"start":{"line":19,"column":10},"end":{"line":19,"column":110}},"2":{"start":{"line":20,"column":10},"end":{"line":20,"column":25}},"3":{"start":{"line":23,"column":4},"end":{"line":23,"column":37}},"4":{"start":{"line":27,"column":4},"end":{"line":27,"column":28}},"5":{"start":{"line":27,"column":21},"end":{"line":27,"column":28}},"6":{"start":{"line":28,"column":4},"end":{"line":33,"column":5}},"7":{"start":{"line":29,"column":18},"end":{"line":29,"column":59}},"8":{"start":{"line":30,"column":6},"end":{"line":30,"column":34}},"9":{"start":{"line":32,"column":6},"end":{"line":32,"column":57}},"10":{"start":{"line":34,"column":4},"end":{"line":34,"column":23}},"11":{"start":{"line":37,"column":4},"end":{"line":37,"column":83}},"12":{"start":{"line":41,"column":4},"end":{"line":41,"column":22}},"13":{"start":{"line":42,"column":4},"end":{"line":42,"column":50}},"14":{"start":{"line":42,"column":37},"end":{"line":42,"column":48}},"15":{"start":{"line":45,"column":4},"end":{"line":45,"column":22}},"16":{"start":{"line":46,"column":4},"end":{"line":46,"column":59}},"17":{"start":{"line":46,"column":39},"end":{"line":46,"column":57}},"18":{"start":{"line":49,"column":4},"end":{"line":49,"column":22}},"19":{"start":{"line":50,"column":4},"end":{"line":50,"column":51}},"20":{"start":{"line":50,"column":40},"end":{"line":50,"column":51}},"21":{"start":{"line":54,"column":4},"end":{"line":54,"column":22}},"22":{"start":{"line":55,"column":4},"end":{"line":55,"column":50}},"23":{"start":{"line":55,"column":37},"end":{"line":55,"column":48}},"24":{"start":{"line":58,"column":4},"end":{"line":58,"column":22}},"25":{"start":{"line":59,"column":4},"end":{"line":59,"column":59}},"26":{"start":{"line":59,"column":39},"end":{"line":59,"column":57}},"27":{"start":{"line":62,"column":4},"end":{"line":62,"column":22}},"28":{"start":{"line":63,"column":4},"end":{"line":63,"column":51}},"29":{"start":{"line":63,"column":40},"end":{"line":63,"column":51}},"30":{"start":{"line":67,"column":4},"end":{"line":67,"column":22}},"31":{"start":{"line":68,"column":4},"end":{"line":68,"column":53}},"32":{"start":{"line":68,"column":40},"end":{"line":68,"column":51}},"33":{"start":{"line":71,"column":4},"end":{"line":71,"column":22}},"34":{"start":{"line":72,"column":4},"end":{"line":72,"column":62}},"35":{"start":{"line":72,"column":42},"end":{"line":72,"column":60}},"36":{"start":{"line":75,"column":4},"end":{"line":75,"column":22}},"37":{"start":{"line":76,"column":4},"end":{"line":76,"column":58}},"38":{"start":{"line":76,"column":45},"end":{"line":76,"column":58}},"39":{"start":{"line":80,"column":4},"end":{"line":80,"column":22}},"40":{"start":{"line":81,"column":16},"end":{"line":81,"column":64}},"41":{"start":{"line":81,"column":47},"end":{"line":81,"column":63}},"42":{"start":{"line":82,"column":4},"end":{"line":83,"column":36}},"43":{"start":{"line":82,"column":18},"end":{"line":82,"column":46}},"44":{"start":{"line":83,"column":9},"end":{"line":83,"column":36}},"45":{"start":{"line":84,"column":4},"end":{"line":84,"column":22}},"46":{"start":{"line":87,"column":4},"end":{"line":87,"column":22}},"47":{"start":{"line":88,"column":16},"end":{"line":88,"column":64}},"48":{"start":{"line":88,"column":47},"end":{"line":88,"column":63}},"49":{"start":{"line":89,"column":4},"end":{"line":90,"column":36}},"50":{"start":{"line":89,"column":18},"end":{"line":89,"column":46}},"51":{"start":{"line":90,"column":9},"end":{"line":90,"column":36}},"52":{"start":{"line":91,"column":4},"end":{"line":91,"column":22}},"53":{"start":{"line":94,"column":4},"end":{"line":94,"column":22}},"54":{"start":{"line":95,"column":16},"end":{"line":95,"column":69}},"55":{"start":{"line":95,"column":50},"end":{"line":95,"column":68}},"56":{"start":{"line":96,"column":4},"end":{"line":97,"column":41}},"57":{"start":{"line":96,"column":18},"end":{"line":96,"column":51}},"58":{"start":{"line":97,"column":9},"end":{"line":97,"column":41}},"59":{"start":{"line":98,"column":4},"end":{"line":98,"column":22}},"60":{"start":{"line":102,"column":4},"end":{"line":102,"column":22}},"61":{"start":{"line":103,"column":4},"end":{"line":103,"column":63}},"62":{"start":{"line":103,"column":50},"end":{"line":103,"column":61}},"63":{"start":{"line":104,"column":4},"end":{"line":104,"column":22}},"64":{"start":{"line":107,"column":4},"end":{"line":107,"column":22}},"65":{"start":{"line":108,"column":4},"end":{"line":108,"column":63}},"66":{"start":{"line":108,"column":50},"end":{"line":108,"column":61}},"67":{"start":{"line":109,"column":4},"end":{"line":109,"column":22}},"68":{"start":{"line":112,"column":4},"end":{"line":112,"column":22}},"69":{"start":{"line":113,"column":4},"end":{"line":113,"column":69}},"70":{"start":{"line":113,"column":56},"end":{"line":113,"column":67}},"71":{"start":{"line":114,"column":4},"end":{"line":114,"column":22}},"72":{"start":{"line":17,"column":0},"end":{"line":17,"column":13}}},"fnMap":{"0":{"name":"(anonymous_0)","decl":{"start":{"line":22,"column":2},"end":{"line":22,"column":14}},"loc":{"start":{"line":22,"column":45},"end":{"line":24,"column":3}}},"1":{"name":"(anonymous_1)","decl":{"start":{"line":26,"column":10},"end":{"line":26,"column":15}},"loc":{"start":{"line":26,"column":20},"end":{"line":35,"column":3}}},"2":{"name":"(anonymous_2)","decl":{"start":{"line":36,"column":10},"end":{"line":36,"column":15}},"loc":{"start":{"line":36,"column":20},"end":{"line":38,"column":3}}},"3":{"name":"(anonymous_3)","decl":{"start":{"line":40,"column":2},"end":{"line":40,"column":7}},"loc":{"start":{"line":40,"column":26},"end":{"line":43,"column":3}}},"4":{"name":"(anonymous_4)","decl":{"start":{"line":42,"column":32},"end":{"line":42,"column":33}},"loc":{"start":{"line":42,"column":37},"end":{"line":42,"column":48}}},"5":{"name":"(anonymous_5)","decl":{"start":{"line":44,"column":2},"end":{"line":44,"column":7}},"loc":{"start":{"line":44,"column":30},"end":{"line":47,"column":3}}},"6":{"name":"(anonymous_6)","decl":{"start":{"line":46,"column":34},"end":{"line":46,"column":35}},"loc":{"start":{"line":46,"column":39},"end":{"line":46,"column":57}}},"7":{"name":"(anonymous_7)","decl":{"start":{"line":48,"column":2},"end":{"line":48,"column":7}},"loc":{"start":{"line":48,"column":20},"end":{"line":51,"column":3}}},"8":{"name":"(anonymous_8)","decl":{"start":{"line":53,"column":2},"end":{"line":53,"column":7}},"loc":{"start":{"line":53,"column":26},"end":{"line":56,"column":3}}},"9":{"name":"(anonymous_9)","decl":{"start":{"line":55,"column":32},"end":{"line":55,"column":33}},"loc":{"start":{"line":55,"column":37},"end":{"line":55,"column":48}}},"10":{"name":"(anonymous_10)","decl":{"start":{"line":57,"column":2},"end":{"line":57,"column":7}},"loc":{"start":{"line":57,"column":30},"end":{"line":60,"column":3}}},"11":{"name":"(anonymous_11)","decl":{"start":{"line":59,"column":34},"end":{"line":59,"column":35}},"loc":{"start":{"line":59,"column":39},"end":{"line":59,"column":57}}},"12":{"name":"(anonymous_12)","decl":{"start":{"line":61,"column":2},"end":{"line":61,"column":7}},"loc":{"start":{"line":61,"column":20},"end":{"line":64,"column":3}}},"13":{"name":"(anonymous_13)","decl":{"start":{"line":66,"column":2},"end":{"line":66,"column":7}},"loc":{"start":{"line":66,"column":28},"end":{"line":69,"column":3}}},"14":{"name":"(anonymous_14)","decl":{"start":{"line":68,"column":35},"end":{"line":68,"column":36}},"loc":{"start":{"line":68,"column":40},"end":{"line":68,"column":51}}},"15":{"name":"(anonymous_15)","decl":{"start":{"line":70,"column":2},"end":{"line":70,"column":7}},"loc":{"start":{"line":70,"column":33},"end":{"line":73,"column":3}}},"16":{"name":"(anonymous_16)","decl":{"start":{"line":72,"column":37},"end":{"line":72,"column":38}},"loc":{"start":{"line":72,"column":42},"end":{"line":72,"column":60}}},"17":{"name":"(anonymous_17)","decl":{"start":{"line":74,"column":2},"end":{"line":74,"column":7}},"loc":{"start":{"line":74,"column":23},"end":{"line":77,"column":3}}},"18":{"name":"(anonymous_18)","decl":{"start":{"line":79,"column":2},"end":{"line":79,"column":7}},"loc":{"start":{"line":79,"column":27},"end":{"line":85,"column":3}}},"19":{"name":"(anonymous_19)","decl":{"start":{"line":81,"column":42},"end":{"line":81,"column":43}},"loc":{"start":{"line":81,"column":47},"end":{"line":81,"column":63}}},"20":{"name":"(anonymous_20)","decl":{"start":{"line":86,"column":2},"end":{"line":86,"column":7}},"loc":{"start":{"line":86,"column":27},"end":{"line":92,"column":3}}},"21":{"name":"(anonymous_21)","decl":{"start":{"line":88,"column":42},"end":{"line":88,"column":43}},"loc":{"start":{"line":88,"column":47},"end":{"line":88,"column":63}}},"22":{"name":"(anonymous_22)","decl":{"start":{"line":93,"column":2},"end":{"line":93,"column":7}},"loc":{"start":{"line":93,"column":33},"end":{"line":99,"column":3}}},"23":{"name":"(anonymous_23)","decl":{"start":{"line":95,"column":45},"end":{"line":95,"column":46}},"loc":{"start":{"line":95,"column":50},"end":{"line":95,"column":68}}},"24":{"name":"(anonymous_24)","decl":{"start":{"line":101,"column":2},"end":{"line":101,"column":7}},"loc":{"start":{"line":101,"column":29},"end":{"line":105,"column":3}}},"25":{"name":"(anonymous_25)","decl":{"start":{"line":103,"column":45},"end":{"line":103,"column":46}},"loc":{"start":{"line":103,"column":50},"end":{"line":103,"column":61}}},"26":{"name":"(anonymous_26)","decl":{"start":{"line":106,"column":2},"end":{"line":106,"column":7}},"loc":{"start":{"line":106,"column":29},"end":{"line":110,"column":3}}},"27":{"name":"(anonymous_27)","decl":{"start":{"line":108,"column":45},"end":{"line":108,"column":46}},"loc":{"start":{"line":108,"column":50},"end":{"line":108,"column":61}}},"28":{"name":"(anonymous_28)","decl":{"start":{"line":111,"column":2},"end":{"line":111,"column":7}},"loc":{"start":{"line":111,"column":31},"end":{"line":115,"column":3}}},"29":{"name":"(anonymous_29)","decl":{"start":{"line":113,"column":51},"end":{"line":113,"column":52}},"loc":{"start":{"line":113,"column":56},"end":{"line":113,"column":67}}}},"branchMap":{"0":{"loc":{"start":{"line":27,"column":4},"end":{"line":27,"column":28}},"type":"if","locations":[{"start":{"line":27,"column":4},"end":{"line":27,"column":28}}]},"1":{"loc":{"start":{"line":82,"column":4},"end":{"line":83,"column":36}},"type":"if","locations":[{"start":{"line":82,"column":4},"end":{"line":83,"column":36}},{"start":{"line":83,"column":9},"end":{"line":83,"column":36}}]},"2":{"loc":{"start":{"line":89,"column":4},"end":{"line":90,"column":36}},"type":"if","locations":[{"start":{"line":89,"column":4},"end":{"line":90,"column":36}},{"start":{"line":90,"column":9},"end":{"line":90,"column":36}}]},"3":{"loc":{"start":{"line":96,"column":4},"end":{"line":97,"column":41}},"type":"if","locations":[{"start":{"line":96,"column":4},"end":{"line":97,"column":41}},{"start":{"line":97,"column":9},"end":{"line":97,"column":41}}]}},"s":{"0":2,"1":16,"2":16,"3":16,"4":39,"5":22,"6":17,"7":17,"8":17,"9":0,"10":17,"11":9,"12":5,"13":5,"14":6,"15":2,"16":2,"17":2,"18":1,"19":1,"20":1,"21":5,"22":5,"23":6,"24":4,"25":4,"26":4,"27":1,"28":1,"29":1,"30":5,"31":5,"32":6,"33":6,"34":6,"35":6,"36":1,"37":1,"38":1,"39":2,"40":2,"41":3,"42":2,"43":1,"44":1,"45":2,"46":2,"47":2,"48":3,"49":2,"50":1,"51":1,"52":2,"53":2,"54":2,"55":3,"56":2,"57":1,"58":1,"59":2,"60":1,"61":1,"62":1,"63":1,"64":1,"65":1,"66":1,"67":1,"68":1,"69":1,"70":1,"71":1,"72":2},"f":{"0":16,"1":39,"2":9,"3":5,"4":6,"5":2,"6":2,"7":1,"8":5,"9":6,"10":4,"11":4,"12":1,"13":5,"14":6,"15":6,"16":6,"17":1,"18":2,"19":3,"20":2,"21":3,"22":2,"23":3,"24":1,"25":1,"26":1,"27":1,"28":1,"29":1},"b":{"0":[22],"1":[1,1],"2":[1,1],"3":[1,1]}}
,"C:\\Users\\nugra\\workspace\\project\\VibeCoding-TS\\src\\core\\defaultEvaluator.ts": {"path":"C:\\Users\\nugra\\workspace\\project\\VibeCoding-TS\\src\\core\\defaultEvaluator.ts","statementMap":{"0":{"start":{"line":12,"column":55},"end":{"line":54,"column":1}},"1":{"start":{"line":22,"column":22},"end":{"line":25,"column":4}},"2":{"start":{"line":24,"column":26},"end":{"line":24,"column":110}},"3":{"start":{"line":24,"column":49},"end":{"line":24,"column":81}},"4":{"start":{"line":24,"column":68},"end":{"line":24,"column":80}},"5":{"start":{"line":29,"column":6},"end":{"line":29,"column":41}},"6":{"start":{"line":30,"column":2},"end":{"line":51,"column":3}},"7":{"start":{"line":31,"column":4},"end":{"line":31,"column":42}},"8":{"start":{"line":32,"column":4},"end":{"line":50,"column":5}},"9":{"start":{"line":33,"column":6},"end":{"line":49,"column":7}},"10":{"start":{"line":37,"column":21},"end":{"line":37,"column":45}},"11":{"start":{"line":38,"column":10},"end":{"line":38,"column":64}},"12":{"start":{"line":41,"column":8},"end":{"line":44,"column":9}},"13":{"start":{"line":42,"column":10},"end":{"line":42,"column":58}},"14":{"start":{"line":43,"column":10},"end":{"line":43,"column":52}},"15":{"start":{"line":45,"column":8},"end":{"line":48,"column":9}},"16":{"start":{"line":46,"column":10},"end":{"line":46,"column":57}},"17":{"start":{"line":47,"column":10},"end":{"line":47,"column":53}},"18":{"start":{"line":52,"column":2},"end":{"line":52,"column":38}},"19":{"start":{"line":53,"column":2},"end":{"line":53,"column":45}},"20":{"start":{"line":12,"column":13},"end":{"line":12,"column":55}}},"fnMap":{"0":{"name":"(anonymous_0)","decl":{"start":{"line":12,"column":55},"end":{"line":12,"column":60}},"loc":{"start":{"line":20,"column":30},"end":{"line":54,"column":1}}},"1":{"name":"(anonymous_1)","decl":{"start":{"line":24,"column":21},"end":{"line":24,"column":22}},"loc":{"start":{"line":24,"column":26},"end":{"line":24,"column":110}}},"2":{"name":"(anonymous_2)","decl":{"start":{"line":24,"column":42},"end":{"line":24,"column":45}},"loc":{"start":{"line":24,"column":49},"end":{"line":24,"column":81}}},"3":{"name":"(anonymous_3)","decl":{"start":{"line":24,"column":63},"end":{"line":24,"column":64}},"loc":{"start":{"line":24,"column":68},"end":{"line":24,"column":80}}},"4":{"name":"(anonymous_4)","decl":{"start":{"line":36,"column":51},"end":{"line":36,"column":55}},"loc":{"start":{"line":36,"column":58},"end":{"line":39,"column":9}}}},"branchMap":{"0":{"loc":{"start":{"line":33,"column":6},"end":{"line":49,"column":7}},"type":"if","locations":[{"start":{"line":33,"column":6},"end":{"line":49,"column":7}}]},"1":{"loc":{"start":{"line":34,"column":8},"end":{"line":39,"column":11}},"type":"binary-expr","locations":[{"start":{"line":34,"column":8},"end":{"line":34,"column":37}},{"start":{"line":35,"column":8},"end":{"line":35,"column":41}},{"start":{"line":36,"column":9},"end":{"line":36,"column":25}},{"start":{"line":36,"column":29},"end":{"line":39,"column":10}}]},"2":{"loc":{"start":{"line":38,"column":17},"end":{"line":38,"column":63}},"type":"cond-expr","locations":[{"start":{"line":38,"column":22},"end":{"line":38,"column":55}},{"start":{"line":38,"column":58},"end":{"line":38,"column":63}}]},"3":{"loc":{"start":{"line":41,"column":8},"end":{"line":44,"column":9}},"type":"if","locations":[{"start":{"line":41,"column":8},"end":{"line":44,"column":9}}]},"4":{"loc":{"start":{"line":45,"column":8},"end":{"line":48,"column":9}},"type":"if","locations":[{"start":{"line":45,"column":8},"end":{"line":48,"column":9}}]}},"s":{"0":8,"1":35,"2":20,"3":20,"4":20,"5":35,"6":35,"7":29,"8":29,"9":29,"10":3,"11":3,"12":18,"13":17,"14":17,"15":1,"16":1,"17":1,"18":17,"19":17,"20":8},"f":{"0":35,"1":20,"2":20,"3":20,"4":3},"b":{"0":[18],"1":[29,19,19,3],"2":[3,0],"3":[17],"4":[1]}}
,"C:\\Users\\nugra\\workspace\\project\\VibeCoding-TS\\src\\core\\evaluator.ts": {"path":"C:\\Users\\nugra\\workspace\\project\\VibeCoding-TS\\src\\core\\evaluator.ts","statementMap":{"0":{"start":{"line":6,"column":10},"end":{"line":6,"column":60}},"1":{"start":{"line":14,"column":4},"end":{"line":14,"column":30}},"2":{"start":{"line":23,"column":4},"end":{"line":23,"column":32}},"3":{"start":{"line":31,"column":4},"end":{"line":31,"column":33}},"4":{"start":{"line":5,"column":0},"end":{"line":5,"column":13}},"5":{"start":{"line":39,"column":13},"end":{"line":43,"column":2}},"6":{"start":{"line":40,"column":31},"end":{"line":40,"column":53}},"7":{"start":{"line":41,"column":31},"end":{"line":41,"column":83}}},"fnMap":{"0":{"name":"(anonymous_0)","decl":{"start":{"line":5,"column":0},"end":{"line":5,"column":13}},"loc":{"start":{"line":5,"column":0},"end":{"line":33,"column":1}}},"1":{"name":"(anonymous_1)","decl":{"start":{"line":13,"column":2},"end":{"line":13,"column":10}},"loc":{"start":{"line":13,"column":46},"end":{"line":15,"column":3}}},"2":{"name":"(anonymous_2)","decl":{"start":{"line":22,"column":2},"end":{"line":22,"column":5}},"loc":{"start":{"line":22,"column":18},"end":{"line":24,"column":3}}},"3":{"name":"(anonymous_3)","decl":{"start":{"line":30,"column":2},"end":{"line":30,"column":5}},"loc":{"start":{"line":30,"column":5},"end":{"line":32,"column":3}}},"4":{"name":"(anonymous_4)","decl":{"start":{"line":40,"column":6},"end":{"line":40,"column":7}},"loc":{"start":{"line":40,"column":31},"end":{"line":40,"column":53}}},"5":{"name":"(anonymous_5)","decl":{"start":{"line":41,"column":6},"end":{"line":41,"column":7}},"loc":{"start":{"line":41,"column":31},"end":{"line":41,"column":83}}}},"branchMap":{"0":{"loc":{"start":{"line":41,"column":31},"end":{"line":41,"column":83}},"type":"binary-expr","locations":[{"start":{"line":41,"column":31},"end":{"line":41,"column":51}},{"start":{"line":41,"column":55},"end":{"line":41,"column":83}}]}},"s":{"0":3,"1":3,"2":2,"3":1,"4":9,"5":9,"6":4,"7":3},"f":{"0":3,"1":3,"2":2,"3":1,"4":4,"5":3},"b":{"0":[3,2]}}
,"C:\\Users\\nugra\\workspace\\project\\VibeCoding-TS\\src\\core\\iam.ts": {"path":"C:\\Users\\nugra\\workspace\\project\\VibeCoding-TS\\src\\core\\iam.ts","statementMap":{"0":{"start":{"line":57,"column":4},"end":{"line":57,"column":36}},"1":{"start":{"line":58,"column":4},"end":{"line":58,"column":40}},"2":{"start":{"line":59,"column":4},"end":{"line":59,"column":32}},"3":{"start":{"line":79,"column":4},"end":{"line":112,"column":5}},"4":{"start":{"line":80,"column":6},"end":{"line":80,"column":74}},"5":{"start":{"line":80,"column":25},"end":{"line":80,"column":74}},"6":{"start":{"line":81,"column":19},"end":{"line":81,"column":30}},"7":{"start":{"line":83,"column":40},"end":{"line":86,"column":8}},"8":{"start":{"line":88,"column":28},"end":{"line":88,"column":63}},"9":{"start":{"line":88,"column":51},"end":{"line":88,"column":62}},"10":{"start":{"line":89,"column":27},"end":{"line":89,"column":72}},"11":{"start":{"line":90,"column":26},"end":{"line":90,"column":60}},"12":{"start":{"line":92,"column":24},"end":{"line":92,"column":101}},"13":{"start":{"line":92,"column":43},"end":{"line":92,"column":77}},"14":{"start":{"line":93,"column":24},"end":{"line":93,"column":79}},"15":{"start":{"line":93,"column":25},"end":{"line":93,"column":52}},"16":{"start":{"line":94,"column":21},"end":{"line":101,"column":null}},"17":{"start":{"line":103,"column":6},"end":{"line":103,"column":70}},"18":{"start":{"line":103,"column":34},"end":{"line":103,"column":70}},"19":{"start":{"line":104,"column":6},"end":{"line":104,"column":20}},"20":{"start":{"line":106,"column":6},"end":{"line":106,"column":61}},"21":{"start":{"line":106,"column":31},"end":{"line":106,"column":61}},"22":{"start":{"line":107,"column":6},"end":{"line":111,"column":8}},"23":{"start":{"line":40,"column":0},"end":{"line":40,"column":13}}},"fnMap":{"0":{"name":"(anonymous_9)","decl":{"start":{"line":56,"column":2},"end":{"line":56,"column":14}},"loc":{"start":{"line":56,"column":34},"end":{"line":60,"column":3}}},"1":{"name":"(anonymous_10)","decl":{"start":{"line":76,"column":2},"end":{"line":76,"column":7}},"loc":{"start":{"line":77,"column":46},"end":{"line":113,"column":3}}},"2":{"name":"(anonymous_11)","decl":{"start":{"line":88,"column":46},"end":{"line":88,"column":47}},"loc":{"start":{"line":88,"column":51},"end":{"line":88,"column":62}}},"3":{"name":"(anonymous_12)","decl":{"start":{"line":92,"column":43},"end":{"line":92,"column":56}},"loc":{"start":{"line":92,"column":43},"end":{"line":92,"column":77}}},"4":{"name":"(anonymous_13)","decl":{"start":{"line":93,"column":25},"end":{"line":93,"column":38}},"loc":{"start":{"line":93,"column":25},"end":{"line":93,"column":52}}}},"branchMap":{"0":{"loc":{"start":{"line":80,"column":6},"end":{"line":80,"column":74}},"type":"if","locations":[{"start":{"line":80,"column":6},"end":{"line":80,"column":74}}]},"1":{"loc":{"start":{"line":92,"column":24},"end":{"line":92,"column":101}},"type":"binary-expr","locations":[{"start":{"line":92,"column":24},"end":{"line":92,"column":38}},{"start":{"line":92,"column":42},"end":{"line":92,"column":101}}]},"2":{"loc":{"start":{"line":98,"column":8},"end":{"line":98,"column":28}},"type":"binary-expr","locations":[{"start":{"line":98,"column":8},"end":{"line":98,"column":22}},{"start":{"line":98,"column":26},"end":{"line":98,"column":28}}]},"3":{"loc":{"start":{"line":103,"column":6},"end":{"line":103,"column":70}},"type":"if","locations":[{"start":{"line":103,"column":6},"end":{"line":103,"column":70}}]},"4":{"loc":{"start":{"line":106,"column":6},"end":{"line":106,"column":61}},"type":"if","locations":[{"start":{"line":106,"column":6},"end":{"line":106,"column":61}}]},"5":{"loc":{"start":{"line":110,"column":17},"end":{"line":110,"column":37}},"type":"binary-expr","locations":[{"start":{"line":110,"column":17},"end":{"line":110,"column":31}},{"start":{"line":110,"column":35},"end":{"line":110,"column":37}}]}},"s":{"0":13,"1":13,"2":13,"3":32,"4":32,"5":3,"6":29,"7":29,"8":29,"9":17,"10":29,"11":29,"12":29,"13":0,"14":29,"15":29,"16":29,"17":29,"18":2,"19":28,"20":4,"21":2,"22":4,"23":7},"f":{"0":13,"1":32,"2":17,"3":0,"4":29},"b":{"0":[3],"1":[29,0],"2":[29,7],"3":[2],"4":[2],"5":[4,4]}}
,"C:\\Users\\nugra\\workspace\\project\\VibeCoding-TS\\src\\decorators\\accessControl.ts": {"path":"C:\\Users\\nugra\\workspace\\project\\VibeCoding-TS\\src\\decorators\\accessControl.ts","statementMap":{"0":{"start":{"line":13,"column":0},"end":{"line":13,"column":16}},"1":{"start":{"line":7,"column":0},"end":{"line":7,"column":34}},"2":{"start":{"line":14,"column":2},"end":{"line":35,"column":4}},"3":{"start":{"line":15,"column":21},"end":{"line":15,"column":37}},"4":{"start":{"line":16,"column":4},"end":{"line":18,"column":5}},"5":{"start":{"line":17,"column":6},"end":{"line":17,"column":70}},"6":{"start":{"line":19,"column":4},"end":{"line":33,"column":6}},"7":{"start":{"line":20,"column":23},"end":{"line":20,"column":55}},"8":{"start":{"line":21,"column":6},"end":{"line":21,"column":58}},"9":{"start":{"line":21,"column":16},"end":{"line":21,"column":58}},"10":{"start":{"line":22,"column":24},"end":{"line":22,"column":79}},"11":{"start":{"line":23,"column":59},"end":{"line":23,"column":68}},"12":{"start":{"line":24,"column":6},"end":{"line":32,"column":9}},"13":{"start":{"line":30,"column":8},"end":{"line":30,"column":63}},"14":{"start":{"line":30,"column":30},"end":{"line":30,"column":63}},"15":{"start":{"line":31,"column":8},"end":{"line":31,"column":42}},"16":{"start":{"line":34,"column":4},"end":{"line":34,"column":22}}},"fnMap":{"0":{"name":"AccessControl","decl":{"start":{"line":13,"column":16},"end":{"line":13,"column":29}},"loc":{"start":{"line":13,"column":99},"end":{"line":36,"column":1}}},"1":{"name":"(anonymous_1)","decl":{"start":{"line":14,"column":9},"end":{"line":14,"column":10}},"loc":{"start":{"line":14,"column":65},"end":{"line":35,"column":3}}},"2":{"name":"(anonymous_2)","decl":{"start":{"line":19,"column":23},"end":{"line":19,"column":44}},"loc":{"start":{"line":19,"column":58},"end":{"line":33,"column":5}}},"3":{"name":"(anonymous_3)","decl":{"start":{"line":29,"column":15},"end":{"line":29,"column":16}},"loc":{"start":{"line":29,"column":26},"end":{"line":32,"column":7}}}},"branchMap":{"0":{"loc":{"start":{"line":16,"column":4},"end":{"line":18,"column":5}},"type":"if","locations":[{"start":{"line":16,"column":4},"end":{"line":18,"column":5}}]},"1":{"loc":{"start":{"line":20,"column":23},"end":{"line":20,"column":55}},"type":"binary-expr","locations":[{"start":{"line":20,"column":23},"end":{"line":20,"column":32}},{"start":{"line":20,"column":37},"end":{"line":20,"column":55}}]},"2":{"loc":{"start":{"line":21,"column":6},"end":{"line":21,"column":58}},"type":"if","locations":[{"start":{"line":21,"column":6},"end":{"line":21,"column":58}}]},"3":{"loc":{"start":{"line":22,"column":24},"end":{"line":22,"column":79}},"type":"cond-expr","locations":[{"start":{"line":22,"column":55},"end":{"line":22,"column":70}},{"start":{"line":22,"column":73},"end":{"line":22,"column":79}}]},"4":{"loc":{"start":{"line":23,"column":14},"end":{"line":23,"column":25}},"type":"default-arg","locations":[{"start":{"line":23,"column":23},"end":{"line":23,"column":25}}]},"5":{"loc":{"start":{"line":23,"column":27},"end":{"line":23,"column":40}},"type":"default-arg","locations":[{"start":{"line":23,"column":38},"end":{"line":23,"column":40}}]},"6":{"loc":{"start":{"line":23,"column":42},"end":{"line":23,"column":54}},"type":"default-arg","locations":[{"start":{"line":23,"column":52},"end":{"line":23,"column":54}}]},"7":{"loc":{"start":{"line":30,"column":8},"end":{"line":30,"column":63}},"type":"if","locations":[{"start":{"line":30,"column":8},"end":{"line":30,"column":63}}]}},"s":{"0":2,"1":2,"2":7,"3":7,"4":7,"5":1,"6":6,"7":7,"8":7,"9":1,"10":6,"11":6,"12":6,"13":6,"14":3,"15":3,"16":6},"f":{"0":7,"1":7,"2":7,"3":6},"b":{"0":[1],"1":[7,1],"2":[1],"3":[2,4],"4":[0],"5":[0],"6":[6],"7":[3]}}
,"C:\\Users\\nugra\\workspace\\project\\VibeCoding-TS\\src\\frameworks\\eventDriven.ts": {"path":"C:\\Users\\nugra\\workspace\\project\\VibeCoding-TS\\src\\frameworks\\eventDriven.ts","statementMap":{"0":{"start":{"line":12,"column":0},"end":{"line":12,"column":7}},"1":{"start":{"line":13,"column":46},"end":{"line":13,"column":51}},"2":{"start":{"line":14,"column":2},"end":{"line":14,"column":47}},"3":{"start":{"line":14,"column":13},"end":{"line":14,"column":47}},"4":{"start":{"line":15,"column":17},"end":{"line":15,"column":67}},"5":{"start":{"line":16,"column":2},"end":{"line":16,"column":57}},"6":{"start":{"line":16,"column":24},"end":{"line":16,"column":57}}},"fnMap":{"0":{"name":"handleEvent","decl":{"start":{"line":12,"column":22},"end":{"line":12,"column":33}},"loc":{"start":{"line":12,"column":54},"end":{"line":18,"column":1}}}},"branchMap":{"0":{"loc":{"start":{"line":14,"column":2},"end":{"line":14,"column":47}},"type":"if","locations":[{"start":{"line":14,"column":2},"end":{"line":14,"column":47}}]},"1":{"loc":{"start":{"line":16,"column":2},"end":{"line":16,"column":57}},"type":"if","locations":[{"start":{"line":16,"column":2},"end":{"line":16,"column":57}}]}},"s":{"0":2,"1":4,"2":4,"3":1,"4":3,"5":3,"6":2},"f":{"0":4},"b":{"0":[1],"1":[2]}}
,"C:\\Users\\nugra\\workspace\\project\\VibeCoding-TS\\src\\frameworks\\express.ts": {"path":"C:\\Users\\nugra\\workspace\\project\\VibeCoding-TS\\src\\frameworks\\express.ts","statementMap":{"0":{"start":{"line":13,"column":0},"end":{"line":13,"column":16}},"1":{"start":{"line":14,"column":2},"end":{"line":33,"column":4}},"2":{"start":{"line":15,"column":4},"end":{"line":32,"column":5}},"3":{"start":{"line":16,"column":20},"end":{"line":16,"column":36}},"4":{"start":{"line":17,"column":22},"end":{"line":17,"column":68}},"5":{"start":{"line":18,"column":24},"end":{"line":18,"column":56}},"6":{"start":{"line":19,"column":23},"end":{"line":19,"column":48}},"7":{"start":{"line":20,"column":6},"end":{"line":23,"column":7}},"8":{"start":{"line":21,"column":8},"end":{"line":21,"column":51}},"9":{"start":{"line":22,"column":8},"end":{"line":22,"column":65}},"10":{"start":{"line":24,"column":21},"end":{"line":24,"column":71}},"11":{"start":{"line":25,"column":6},"end":{"line":28,"column":7}},"12":{"start":{"line":26,"column":8},"end":{"line":26,"column":76}},"13":{"start":{"line":27,"column":8},"end":{"line":27,"column":85}},"14":{"start":{"line":29,"column":6},"end":{"line":29,"column":13}},"15":{"start":{"line":31,"column":6},"end":{"line":31,"column":16}}},"fnMap":{"0":{"name":"iamExpressMiddleware","decl":{"start":{"line":13,"column":16},"end":{"line":13,"column":36}},"loc":{"start":{"line":13,"column":45},"end":{"line":34,"column":1}}},"1":{"name":"(anonymous_1)","decl":{"start":{"line":14,"column":9},"end":{"line":14,"column":14}},"loc":{"start":{"line":14,"column":67},"end":{"line":33,"column":3}}}},"branchMap":{"0":{"loc":{"start":{"line":17,"column":22},"end":{"line":17,"column":68}},"type":"binary-expr","locations":[{"start":{"line":17,"column":22},"end":{"line":17,"column":40}},{"start":{"line":17,"column":44},"end":{"line":17,"column":68}}]},"1":{"loc":{"start":{"line":18,"column":24},"end":{"line":18,"column":56}},"type":"binary-expr","locations":[{"start":{"line":18,"column":24},"end":{"line":18,"column":44}},{"start":{"line":18,"column":48},"end":{"line":18,"column":56}}]},"2":{"loc":{"start":{"line":19,"column":23},"end":{"line":19,"column":48}},"type":"binary-expr","locations":[{"start":{"line":19,"column":23},"end":{"line":19,"column":42}},{"start":{"line":19,"column":46},"end":{"line":19,"column":48}}]},"3":{"loc":{"start":{"line":20,"column":6},"end":{"line":23,"column":7}},"type":"if","locations":[{"start":{"line":20,"column":6},"end":{"line":23,"column":7}}]},"4":{"loc":{"start":{"line":25,"column":6},"end":{"line":28,"column":7}},"type":"if","locations":[{"start":{"line":25,"column":6},"end":{"line":28,"column":7}}]}},"s":{"0":1,"1":2,"2":2,"3":2,"4":2,"5":2,"6":2,"7":2,"8":0,"9":0,"10":2,"11":2,"12":1,"13":1,"14":1,"15":0},"f":{"0":2,"1":2},"b":{"0":[2,2],"1":[2,2],"2":[2,2],"3":[0],"4":[1]}}
,"C:\\Users\\nugra\\workspace\\project\\VibeCoding-TS\\src\\frameworks\\fastify.ts": {"path":"C:\\Users\\nugra\\workspace\\project\\VibeCoding-TS\\src\\frameworks\\fastify.ts","statementMap":{"0":{"start":{"line":13,"column":0},"end":{"line":13,"column":16}},"1":{"start":{"line":14,"column":2},"end":{"line":22,"column":4}},"2":{"start":{"line":15,"column":18},"end":{"line":15,"column":38}},"3":{"start":{"line":16,"column":20},"end":{"line":16,"column":74}},"4":{"start":{"line":17,"column":22},"end":{"line":17,"column":61}},"5":{"start":{"line":18,"column":21},"end":{"line":18,"column":50}},"6":{"start":{"line":19,"column":4},"end":{"line":19,"column":74}},"7":{"start":{"line":19,"column":15},"end":{"line":19,"column":74}},"8":{"start":{"line":20,"column":19},"end":{"line":20,"column":69}},"9":{"start":{"line":21,"column":4},"end":{"line":21,"column":105}},"10":{"start":{"line":21,"column":26},"end":{"line":21,"column":105}}},"fnMap":{"0":{"name":"iamFastifyHook","decl":{"start":{"line":13,"column":16},"end":{"line":13,"column":30}},"loc":{"start":{"line":13,"column":39},"end":{"line":23,"column":1}}},"1":{"name":"(anonymous_1)","decl":{"start":{"line":14,"column":9},"end":{"line":14,"column":14}},"loc":{"start":{"line":14,"column":64},"end":{"line":22,"column":3}}}},"branchMap":{"0":{"loc":{"start":{"line":16,"column":20},"end":{"line":16,"column":74}},"type":"binary-expr","locations":[{"start":{"line":16,"column":20},"end":{"line":16,"column":42}},{"start":{"line":16,"column":46},"end":{"line":16,"column":74}}]},"1":{"loc":{"start":{"line":17,"column":22},"end":{"line":17,"column":61}},"type":"binary-expr","locations":[{"start":{"line":17,"column":22},"end":{"line":17,"column":46}},{"start":{"line":17,"column":50},"end":{"line":17,"column":61}}]},"2":{"loc":{"start":{"line":18,"column":21},"end":{"line":18,"column":50}},"type":"binary-expr","locations":[{"start":{"line":18,"column":21},"end":{"line":18,"column":44}},{"start":{"line":18,"column":48},"end":{"line":18,"column":50}}]},"3":{"loc":{"start":{"line":19,"column":4},"end":{"line":19,"column":74}},"type":"if","locations":[{"start":{"line":19,"column":4},"end":{"line":19,"column":74}}]},"4":{"loc":{"start":{"line":21,"column":4},"end":{"line":21,"column":105}},"type":"if","locations":[{"start":{"line":21,"column":4},"end":{"line":21,"column":105}}]}},"s":{"0":1,"1":1,"2":1,"3":1,"4":1,"5":1,"6":1,"7":0,"8":1,"9":1,"10":1},"f":{"0":1,"1":1},"b":{"0":[1,1],"1":[1,1],"2":[1,1],"3":[0],"4":[1]}}
,"C:\\Users\\nugra\\workspace\\project\\VibeCoding-TS\\src\\frameworks\\hono.ts": {"path":"C:\\Users\\nugra\\workspace\\project\\VibeCoding-TS\\src\\frameworks\\hono.ts","statementMap":{"0":{"start":{"line":13,"column":0},"end":{"line":13,"column":16}},"1":{"start":{"line":14,"column":2},"end":{"line":23,"column":4}},"2":{"start":{"line":15,"column":17},"end":{"line":15,"column":30}},"3":{"start":{"line":16,"column":19},"end":{"line":16,"column":64}},"4":{"start":{"line":17,"column":21},"end":{"line":17,"column":52}},"5":{"start":{"line":18,"column":20},"end":{"line":18,"column":42}},"6":{"start":{"line":19,"column":4},"end":{"line":19,"column":52}},"7":{"start":{"line":19,"column":15},"end":{"line":19,"column":52}},"8":{"start":{"line":20,"column":19},"end":{"line":20,"column":69}},"9":{"start":{"line":21,"column":4},"end":{"line":21,"column":94}},"10":{"start":{"line":21,"column":26},"end":{"line":21,"column":94}},"11":{"start":{"line":22,"column":4},"end":{"line":22,"column":17}}},"fnMap":{"0":{"name":"iamHonoMiddleware","decl":{"start":{"line":13,"column":16},"end":{"line":13,"column":33}},"loc":{"start":{"line":13,"column":42},"end":{"line":24,"column":1}}},"1":{"name":"(anonymous_1)","decl":{"start":{"line":14,"column":9},"end":{"line":14,"column":14}},"loc":{"start":{"line":14,"column":42},"end":{"line":23,"column":3}}}},"branchMap":{"0":{"loc":{"start":{"line":16,"column":19},"end":{"line":16,"column":64}},"type":"binary-expr","locations":[{"start":{"line":16,"column":19},"end":{"line":16,"column":34}},{"start":{"line":16,"column":38},"end":{"line":16,"column":64}}]},"1":{"loc":{"start":{"line":17,"column":21},"end":{"line":17,"column":52}},"type":"binary-expr","locations":[{"start":{"line":17,"column":21},"end":{"line":17,"column":38}},{"start":{"line":17,"column":42},"end":{"line":17,"column":52}}]},"2":{"loc":{"start":{"line":18,"column":20},"end":{"line":18,"column":42}},"type":"binary-expr","locations":[{"start":{"line":18,"column":20},"end":{"line":18,"column":36}},{"start":{"line":18,"column":40},"end":{"line":18,"column":42}}]},"3":{"loc":{"start":{"line":19,"column":4},"end":{"line":19,"column":52}},"type":"if","locations":[{"start":{"line":19,"column":4},"end":{"line":19,"column":52}}]},"4":{"loc":{"start":{"line":21,"column":4},"end":{"line":21,"column":94}},"type":"if","locations":[{"start":{"line":21,"column":4},"end":{"line":21,"column":94}}]}},"s":{"0":2,"1":4,"2":4,"3":4,"4":4,"5":4,"6":4,"7":1,"8":3,"9":3,"10":1,"11":2},"f":{"0":4,"1":4},"b":{"0":[4,1],"1":[4,1],"2":[4,4],"3":[1],"4":[1]}}
,"C:\\Users\\nugra\\workspace\\project\\VibeCoding-TS\\src\\frameworks\\nestjs.ts": {"path":"C:\\Users\\nugra\\workspace\\project\\VibeCoding-TS\\src\\frameworks\\nestjs.ts","statementMap":{"0":{"start":{"line":6,"column":0},"end":{"line":6,"column":86}},"1":{"start":{"line":10,"column":7},"end":{"line":22,"column":null}},"2":{"start":{"line":11,"column":31},"end":{"line":11,"column":39}},"3":{"start":{"line":13,"column":16},"end":{"line":13,"column":51}},"4":{"start":{"line":14,"column":17},"end":{"line":14,"column":25}},"5":{"start":{"line":15,"column":19},"end":{"line":15,"column":57}},"6":{"start":{"line":16,"column":21},"end":{"line":16,"column":45}},"7":{"start":{"line":17,"column":16},"end":{"line":17,"column":33}},"8":{"start":{"line":18,"column":4},"end":{"line":18,"column":28}},"9":{"start":{"line":18,"column":15},"end":{"line":18,"column":28}},"10":{"start":{"line":19,"column":19},"end":{"line":19,"column":79}},"11":{"start":{"line":20,"column":4},"end":{"line":20,"column":29}},"12":{"start":{"line":10,"column":13},"end":{"line":10,"column":21}},"13":{"start":{"line":10,"column":13},"end":{"line":22,"column":null}}},"fnMap":{"0":{"name":"(anonymous_2)","decl":{"start":{"line":11,"column":2},"end":{"line":11,"column":31}},"loc":{"start":{"line":11,"column":39},"end":{"line":11,"column":43}}},"1":{"name":"(anonymous_3)","decl":{"start":{"line":12,"column":2},"end":{"line":12,"column":7}},"loc":{"start":{"line":12,"column":45},"end":{"line":21,"column":3}}}},"branchMap":{"0":{"loc":{"start":{"line":15,"column":19},"end":{"line":15,"column":57}},"type":"binary-expr","locations":[{"start":{"line":15,"column":19},"end":{"line":15,"column":29}},{"start":{"line":15,"column":33},"end":{"line":15,"column":57}}]},"1":{"loc":{"start":{"line":16,"column":21},"end":{"line":16,"column":45}},"type":"binary-expr","locations":[{"start":{"line":16,"column":21},"end":{"line":16,"column":33}},{"start":{"line":16,"column":37},"end":{"line":16,"column":45}}]},"2":{"loc":{"start":{"line":17,"column":16},"end":{"line":17,"column":33}},"type":"binary-expr","locations":[{"start":{"line":17,"column":16},"end":{"line":17,"column":27}},{"start":{"line":17,"column":31},"end":{"line":17,"column":33}}]},"3":{"loc":{"start":{"line":18,"column":4},"end":{"line":18,"column":28}},"type":"if","locations":[{"start":{"line":18,"column":4},"end":{"line":18,"column":28}}]}},"s":{"0":2,"1":2,"2":2,"3":5,"4":5,"5":5,"6":5,"7":5,"8":5,"9":1,"10":4,"11":4,"12":2,"13":2},"f":{"0":2,"1":5},"b":{"0":[5,1],"1":[5,2],"2":[5,1],"3":[1]}}
,"C:\\Users\\nugra\\workspace\\project\\VibeCoding-TS\\src\\frameworks\\serverless.ts": {"path":"C:\\Users\\nugra\\workspace\\project\\VibeCoding-TS\\src\\frameworks\\serverless.ts","statementMap":{"0":{"start":{"line":12,"column":0},"end":{"line":12,"column":7}},"1":{"start":{"line":13,"column":46},"end":{"line":13,"column":51}},"2":{"start":{"line":14,"column":2},"end":{"line":14,"column":47}},"3":{"start":{"line":14,"column":13},"end":{"line":14,"column":47}},"4":{"start":{"line":15,"column":17},"end":{"line":15,"column":67}},"5":{"start":{"line":16,"column":2},"end":{"line":16,"column":57}},"6":{"start":{"line":16,"column":24},"end":{"line":16,"column":57}}},"fnMap":{"0":{"name":"serverlessHandler","decl":{"start":{"line":12,"column":22},"end":{"line":12,"column":39}},"loc":{"start":{"line":12,"column":80},"end":{"line":18,"column":1}}}},"branchMap":{"0":{"loc":{"start":{"line":14,"column":2},"end":{"line":14,"column":47}},"type":"if","locations":[{"start":{"line":14,"column":2},"end":{"line":14,"column":47}}]},"1":{"loc":{"start":{"line":16,"column":2},"end":{"line":16,"column":57}},"type":"if","locations":[{"start":{"line":16,"column":2},"end":{"line":16,"column":57}}]}},"s":{"0":2,"1":4,"2":4,"3":1,"4":3,"5":3,"6":2},"f":{"0":4},"b":{"0":[1],"1":[2]}}
,"C:\\Users\\nugra\\workspace\\project\\VibeCoding-TS\\src\\utils\\roleAssignment.ts": {"path":"C:\\Users\\nugra\\workspace\\project\\VibeCoding-TS\\src\\utils\\roleAssignment.ts","statementMap":{"0":{"start":{"line":8,"column":0},"end":{"line":8,"column":16}},"1":{"start":{"line":12,"column":0},"end":{"line":12,"column":16}},"2":{"start":{"line":9,"column":2},"end":{"line":9,"column":57}},"3":{"start":{"line":13,"column":2},"end":{"line":13,"column":74}},"4":{"start":{"line":13,"column":56},"end":{"line":13,"column":70}}},"fnMap":{"0":{"name":"assignRole","decl":{"start":{"line":8,"column":16},"end":{"line":8,"column":26}},"loc":{"start":{"line":8,"column":53},"end":{"line":10,"column":1}}},"1":{"name":"unassignRole","decl":{"start":{"line":12,"column":16},"end":{"line":12,"column":28}},"loc":{"start":{"line":12,"column":55},"end":{"line":14,"column":1}}},"2":{"name":"(anonymous_2)","decl":{"start":{"line":13,"column":49},"end":{"line":13,"column":52}},"loc":{"start":{"line":13,"column":56},"end":{"line":13,"column":70}}}},"branchMap":{},"s":{"0":1,"1":1,"2":1,"3":1,"4":1},"f":{"0":1,"1":1,"2":1},"b":{}}
,"C:\\Users\\nugra\\workspace\\project\\VibeCoding-TS\\src\\utils\\serialization.ts": {"path":"C:\\Users\\nugra\\workspace\\project\\VibeCoding-TS\\src\\utils\\serialization.ts","statementMap":{"0":{"start":{"line":12,"column":0},"end":{"line":12,"column":16}},"1":{"start":{"line":21,"column":0},"end":{"line":21,"column":16}},"2":{"start":{"line":30,"column":0},"end":{"line":30,"column":16}},"3":{"start":{"line":39,"column":0},"end":{"line":39,"column":16}},"4":{"start":{"line":48,"column":0},"end":{"line":48,"column":16}},"5":{"start":{"line":57,"column":0},"end":{"line":57,"column":16}},"6":{"start":{"line":13,"column":2},"end":{"line":13,"column":32}},"7":{"start":{"line":22,"column":2},"end":{"line":22,"column":36}},"8":{"start":{"line":31,"column":2},"end":{"line":31,"column":30}},"9":{"start":{"line":40,"column":2},"end":{"line":40,"column":34}},"10":{"start":{"line":49,"column":2},"end":{"line":49,"column":30}},"11":{"start":{"line":58,"column":2},"end":{"line":58,"column":34}}},"fnMap":{"0":{"name":"serializePolicy","decl":{"start":{"line":12,"column":16},"end":{"line":12,"column":31}},"loc":{"start":{"line":12,"column":46},"end":{"line":14,"column":1}}},"1":{"name":"deserializePolicy","decl":{"start":{"line":21,"column":16},"end":{"line":21,"column":33}},"loc":{"start":{"line":21,"column":46},"end":{"line":23,"column":1}}},"2":{"name":"serializeRole","decl":{"start":{"line":30,"column":16},"end":{"line":30,"column":29}},"loc":{"start":{"line":30,"column":40},"end":{"line":32,"column":1}}},"3":{"name":"deserializeRole","decl":{"start":{"line":39,"column":16},"end":{"line":39,"column":31}},"loc":{"start":{"line":39,"column":44},"end":{"line":41,"column":1}}},"4":{"name":"serializeUser","decl":{"start":{"line":48,"column":16},"end":{"line":48,"column":29}},"loc":{"start":{"line":48,"column":40},"end":{"line":50,"column":1}}},"5":{"name":"deserializeUser","decl":{"start":{"line":57,"column":16},"end":{"line":57,"column":31}},"loc":{"start":{"line":57,"column":44},"end":{"line":59,"column":1}}}},"branchMap":{},"s":{"0":1,"1":1,"2":1,"3":1,"4":1,"5":1,"6":1,"7":1,"8":1,"9":1,"10":1,"11":1},"f":{"0":1,"1":1,"2":1,"3":1,"4":1,"5":1},"b":{}}
}
