TN:
SF:src\adapters\inMemoryAdapter.ts
FN:23,(anonymous_0)
FN:24,(anonymous_1)
FN:25,(anonymous_2)
FN:26,(anonymous_3)
FN:29,(anonymous_4)
FN:32,(anonymous_5)
FN:33,(anonymous_6)
FN:35,(anonymous_7)
FN:39,(anonymous_8)
FN:42,(anonymous_9)
FN:43,(anonymous_10)
FN:45,(anonymous_11)
FN:49,(anonymous_12)
FN:52,(anonymous_13)
FN:53,(anonymous_14)
FN:55,(anonymous_15)
FN:59,(anonymous_16)
FN:62,(anonymous_17)
FN:65,(anonymous_18)
FN:69,(anonymous_19)
FN:72,(anonymous_20)
FN:75,(anonymous_21)
FNF:22
FNH:22
FNDA:27,(anonymous_0)
FNDA:25,(anonymous_1)
FNDA:23,(anonymous_2)
FNDA:23,(anonymous_3)
FNDA:7,(anonymous_4)
FNDA:2,(anonymous_5)
FNDA:2,(anonymous_6)
FNDA:2,(anonymous_7)
FNDA:7,(anonymous_8)
FNDA:29,(anonymous_9)
FNDA:20,(anonymous_10)
FNDA:2,(anonymous_11)
FNDA:7,(anonymous_12)
FNDA:56,(anonymous_13)
FNDA:19,(anonymous_14)
FNDA:2,(anonymous_15)
FNDA:4,(anonymous_16)
FNDA:3,(anonymous_17)
FNDA:3,(anonymous_18)
FNDA:2,(anonymous_19)
FNDA:2,(anonymous_20)
FNDA:2,(anonymous_21)
DA:18,9
DA:24,27
DA:25,27
DA:26,27
DA:30,7
DA:33,2
DA:36,2
DA:40,7
DA:43,29
DA:46,2
DA:50,7
DA:53,56
DA:56,2
DA:60,4
DA:63,3
DA:66,3
DA:70,2
DA:73,2
DA:76,2
LF:19
LH:19
BRDA:23,0,0,2
BRDA:24,1,0,27
BRDA:24,1,1,2
BRDA:25,2,0,27
BRDA:25,2,1,2
BRDA:26,3,0,27
BRDA:26,3,1,2
BRF:7
BRH:7
end_of_record
TN:
SF:src\adapters\jsonFileAdapter.ts
FN:22,(anonymous_0)
FN:26,(anonymous_1)
FN:36,(anonymous_2)
FN:40,(anonymous_3)
FN:42,(anonymous_4)
FN:44,(anonymous_5)
FN:46,(anonymous_6)
FN:48,(anonymous_7)
FN:53,(anonymous_8)
FN:55,(anonymous_9)
FN:57,(anonymous_10)
FN:59,(anonymous_11)
FN:61,(anonymous_12)
FN:66,(anonymous_13)
FN:68,(anonymous_14)
FN:70,(anonymous_15)
FN:72,(anonymous_16)
FN:74,(anonymous_17)
FN:79,(anonymous_18)
FN:81,(anonymous_19)
FN:86,(anonymous_20)
FN:88,(anonymous_21)
FN:93,(anonymous_22)
FN:95,(anonymous_23)
FN:101,(anonymous_24)
FN:103,(anonymous_25)
FN:106,(anonymous_26)
FN:108,(anonymous_27)
FN:111,(anonymous_28)
FN:113,(anonymous_29)
FNF:30
FNH:30
FNDA:16,(anonymous_0)
FNDA:39,(anonymous_1)
FNDA:9,(anonymous_2)
FNDA:5,(anonymous_3)
FNDA:6,(anonymous_4)
FNDA:2,(anonymous_5)
FNDA:2,(anonymous_6)
FNDA:1,(anonymous_7)
FNDA:5,(anonymous_8)
FNDA:6,(anonymous_9)
FNDA:4,(anonymous_10)
FNDA:4,(anonymous_11)
FNDA:1,(anonymous_12)
FNDA:5,(anonymous_13)
FNDA:6,(anonymous_14)
FNDA:6,(anonymous_15)
FNDA:6,(anonymous_16)
FNDA:1,(anonymous_17)
FNDA:2,(anonymous_18)
FNDA:3,(anonymous_19)
FNDA:2,(anonymous_20)
FNDA:3,(anonymous_21)
FNDA:2,(anonymous_22)
FNDA:3,(anonymous_23)
FNDA:1,(anonymous_24)
FNDA:1,(anonymous_25)
FNDA:1,(anonymous_26)
FNDA:1,(anonymous_27)
FNDA:1,(anonymous_28)
FNDA:1,(anonymous_29)
DA:8,2
DA:17,2
DA:19,16
DA:20,16
DA:23,16
DA:27,39
DA:28,17
DA:29,17
DA:30,17
DA:32,0
DA:34,17
DA:37,9
DA:41,5
DA:42,6
DA:45,2
DA:46,2
DA:49,1
DA:50,1
DA:54,5
DA:55,6
DA:58,4
DA:59,4
DA:62,1
DA:63,1
DA:67,5
DA:68,6
DA:71,6
DA:72,6
DA:75,1
DA:76,1
DA:80,2
DA:81,3
DA:82,2
DA:83,1
DA:84,2
DA:87,2
DA:88,3
DA:89,2
DA:90,1
DA:91,2
DA:94,2
DA:95,3
DA:96,2
DA:97,1
DA:98,2
DA:102,1
DA:103,1
DA:104,1
DA:107,1
DA:108,1
DA:109,1
DA:112,1
DA:113,1
DA:114,1
LF:54
LH:53
BRDA:27,0,0,22
BRDA:82,1,0,1
BRDA:82,1,1,1
BRDA:89,2,0,1
BRDA:89,2,1,1
BRDA:96,3,0,1
BRDA:96,3,1,1
BRF:7
BRH:7
end_of_record
TN:
SF:src\core\defaultEvaluator.ts
FN:12,(anonymous_0)
FN:24,(anonymous_1)
FN:24,(anonymous_2)
FN:24,(anonymous_3)
FN:36,(anonymous_4)
FNF:5
FNH:5
FNDA:35,(anonymous_0)
FNDA:20,(anonymous_1)
FNDA:20,(anonymous_2)
FNDA:20,(anonymous_3)
FNDA:3,(anonymous_4)
DA:12,8
DA:22,35
DA:24,20
DA:29,35
DA:30,35
DA:31,29
DA:32,29
DA:33,29
DA:37,3
DA:38,3
DA:41,18
DA:42,17
DA:43,17
DA:45,1
DA:46,1
DA:47,1
DA:52,17
DA:53,17
LF:18
LH:18
BRDA:33,0,0,18
BRDA:34,1,0,29
BRDA:34,1,1,19
BRDA:34,1,2,19
BRDA:34,1,3,3
BRDA:38,2,0,3
BRDA:38,2,1,0
BRDA:41,3,0,17
BRDA:45,4,0,1
BRF:9
BRH:8
end_of_record
TN:
SF:src\core\evaluator.ts
FN:5,(anonymous_0)
FN:13,(anonymous_1)
FN:22,(anonymous_2)
FN:30,(anonymous_3)
FN:40,(anonymous_4)
FN:41,(anonymous_5)
FNF:6
FNH:6
FNDA:3,(anonymous_0)
FNDA:3,(anonymous_1)
FNDA:2,(anonymous_2)
FNDA:1,(anonymous_3)
FNDA:4,(anonymous_4)
FNDA:3,(anonymous_5)
DA:5,9
DA:6,3
DA:14,3
DA:23,2
DA:31,1
DA:39,9
DA:40,4
DA:41,3
LF:8
LH:8
BRDA:41,0,0,3
BRDA:41,0,1,2
BRF:2
BRH:2
end_of_record
TN:
SF:src\core\iam.ts
FN:56,(anonymous_9)
FN:76,(anonymous_10)
FN:88,(anonymous_11)
FN:92,(anonymous_12)
FN:93,(anonymous_13)
FNF:5
FNH:4
FNDA:13,(anonymous_9)
FNDA:32,(anonymous_10)
FNDA:17,(anonymous_11)
FNDA:0,(anonymous_12)
FNDA:29,(anonymous_13)
DA:40,7
DA:57,13
DA:58,13
DA:59,13
DA:79,32
DA:80,32
DA:81,29
DA:83,29
DA:88,29
DA:89,29
DA:90,29
DA:92,29
DA:93,29
DA:94,29
DA:103,29
DA:104,28
DA:106,4
DA:107,4
LF:18
LH:18
BRDA:80,0,0,3
BRDA:92,1,0,29
BRDA:92,1,1,0
BRDA:98,2,0,29
BRDA:98,2,1,7
BRDA:103,3,0,2
BRDA:106,4,0,2
BRDA:110,5,0,4
BRDA:110,5,1,4
BRF:9
BRH:8
end_of_record
TN:
SF:src\decorators\accessControl.ts
FN:13,AccessControl
FN:14,(anonymous_1)
FN:19,(anonymous_2)
FN:29,(anonymous_3)
FNF:4
FNH:4
FNDA:7,AccessControl
FNDA:7,(anonymous_1)
FNDA:7,(anonymous_2)
FNDA:6,(anonymous_3)
DA:7,2
DA:13,2
DA:14,7
DA:15,7
DA:16,7
DA:17,1
DA:19,6
DA:20,7
DA:21,7
DA:22,6
DA:23,6
DA:24,6
DA:30,6
DA:31,3
DA:34,6
LF:15
LH:15
BRDA:16,0,0,1
BRDA:20,1,0,7
BRDA:20,1,1,1
BRDA:21,2,0,1
BRDA:22,3,0,2
BRDA:22,3,1,4
BRDA:23,4,0,0
BRDA:23,5,0,0
BRDA:23,6,0,6
BRDA:30,7,0,3
BRF:10
BRH:8
end_of_record
TN:
SF:src\frameworks\eventDriven.ts
FN:12,handleEvent
FNF:1
FNH:1
FNDA:4,handleEvent
DA:12,2
DA:13,4
DA:14,4
DA:15,3
DA:16,3
LF:5
LH:5
BRDA:14,0,0,1
BRDA:16,1,0,2
BRF:2
BRH:2
end_of_record
TN:
SF:src\frameworks\express.ts
FN:13,iamExpressMiddleware
FN:14,(anonymous_1)
FNF:2
FNH:2
FNDA:2,iamExpressMiddleware
FNDA:2,(anonymous_1)
DA:13,1
DA:14,2
DA:15,2
DA:16,2
DA:17,2
DA:18,2
DA:19,2
DA:20,2
DA:21,0
DA:22,0
DA:24,2
DA:25,2
DA:26,1
DA:27,1
DA:29,1
DA:31,0
LF:16
LH:13
BRDA:17,0,0,2
BRDA:17,0,1,2
BRDA:18,1,0,2
BRDA:18,1,1,2
BRDA:19,2,0,2
BRDA:19,2,1,2
BRDA:20,3,0,0
BRDA:25,4,0,1
BRF:8
BRH:7
end_of_record
TN:
SF:src\frameworks\fastify.ts
FN:13,iamFastifyHook
FN:14,(anonymous_1)
FNF:2
FNH:2
FNDA:1,iamFastifyHook
FNDA:1,(anonymous_1)
DA:13,1
DA:14,1
DA:15,1
DA:16,1
DA:17,1
DA:18,1
DA:19,1
DA:20,1
DA:21,1
LF:9
LH:9
BRDA:16,0,0,1
BRDA:16,0,1,1
BRDA:17,1,0,1
BRDA:17,1,1,1
BRDA:18,2,0,1
BRDA:18,2,1,1
BRDA:19,3,0,0
BRDA:21,4,0,1
BRF:8
BRH:7
end_of_record
TN:
SF:src\frameworks\hono.ts
FN:13,iamHonoMiddleware
FN:14,(anonymous_1)
FNF:2
FNH:2
FNDA:4,iamHonoMiddleware
FNDA:4,(anonymous_1)
DA:13,2
DA:14,4
DA:15,4
DA:16,4
DA:17,4
DA:18,4
DA:19,4
DA:20,3
DA:21,3
DA:22,2
LF:10
LH:10
BRDA:16,0,0,4
BRDA:16,0,1,1
BRDA:17,1,0,4
BRDA:17,1,1,1
BRDA:18,2,0,4
BRDA:18,2,1,4
BRDA:19,3,0,1
BRDA:21,4,0,1
BRF:8
BRH:8
end_of_record
TN:
SF:src\frameworks\nestjs.ts
FN:11,(anonymous_2)
FN:12,(anonymous_3)
FNF:2
FNH:2
FNDA:2,(anonymous_2)
FNDA:5,(anonymous_3)
DA:6,2
DA:10,2
DA:11,2
DA:13,5
DA:14,5
DA:15,5
DA:16,5
DA:17,5
DA:18,5
DA:19,4
DA:20,4
LF:11
LH:11
BRDA:15,0,0,5
BRDA:15,0,1,1
BRDA:16,1,0,5
BRDA:16,1,1,2
BRDA:17,2,0,5
BRDA:17,2,1,1
BRDA:18,3,0,1
BRF:7
BRH:7
end_of_record
TN:
SF:src\frameworks\serverless.ts
FN:12,serverlessHandler
FNF:1
FNH:1
FNDA:4,serverlessHandler
DA:12,2
DA:13,4
DA:14,4
DA:15,3
DA:16,3
LF:5
LH:5
BRDA:14,0,0,1
BRDA:16,1,0,2
BRF:2
BRH:2
end_of_record
TN:
SF:src\utils\roleAssignment.ts
FN:8,assignRole
FN:12,unassignRole
FN:13,(anonymous_2)
FNF:3
FNH:3
FNDA:1,assignRole
FNDA:1,unassignRole
FNDA:1,(anonymous_2)
DA:8,1
DA:9,1
DA:12,1
DA:13,1
LF:4
LH:4
BRF:0
BRH:0
end_of_record
TN:
SF:src\utils\serialization.ts
FN:12,serializePolicy
FN:21,deserializePolicy
FN:30,serializeRole
FN:39,deserializeRole
FN:48,serializeUser
FN:57,deserializeUser
FNF:6
FNH:6
FNDA:1,serializePolicy
FNDA:1,deserializePolicy
FNDA:1,serializeRole
FNDA:1,deserializeRole
FNDA:1,serializeUser
FNDA:1,deserializeUser
DA:12,1
DA:13,1
DA:21,1
DA:22,1
DA:30,1
DA:31,1
DA:39,1
DA:40,1
DA:48,1
DA:49,1
DA:57,1
DA:58,1
LF:12
LH:12
BRF:0
BRH:0
end_of_record
